<?xml version="1.0" encoding="UTF-8"?>
<!-- Generated by org.testng.reporters.JUnitXMLReporter -->
<testsuite ignored="0" hostname="MSI" failures="0" tests="1" name="Test" time="5.02" errors="0" timestamp="2024-06-20T21:37:48 IST">
  <testcase classname="com.guru99.tests.BaseTest" name="@BeforeClass setup" time="4.92">
    <failure type="org.openqa.selenium.SessionNotCreatedException" message="session not created: This version of ChromeDriver only supports Chrome version 120
Current browser version is 126.0.6478.114 with binary path C:\Program Files\Google\Chrome\Application\chrome.exe
Build info: version: &amp;apos;3.141.59&amp;apos;, revision: &amp;apos;e82be7d358&amp;apos;, time: &amp;apos;2018-11-14T08:17:03&amp;apos;
System info: host: &amp;apos;MSI&amp;apos;, ip: &amp;apos;192.168.0.105&amp;apos;, os.name: &amp;apos;Windows 11&amp;apos;, os.arch: &amp;apos;amd64&amp;apos;, os.version: &amp;apos;10.0&amp;apos;, java.version: &amp;apos;19&amp;apos;
Driver info: driver.version: CommonDriver
remote stacktrace: 	GetHandleVerifier [0x00007FF6F5D52142+3514994]
	(No symbol) [0x00007FF6F5970CE2]
	(No symbol) [0x00007FF6F58176AA]
	(No symbol) [0x00007FF6F58517E2]
	(No symbol) [0x00007FF6F5850ADD]
	(No symbol) [0x00007FF6F584B9DF]
	(No symbol) [0x00007FF6F5847F52]
	(No symbol) [0x00007FF6F5890AB4]
	(No symbol) [0x00007FF6F5885D93]
	(No symbol) [0x00007FF6F5854BDC]
	(No symbol) [0x00007FF6F5855C64]
	GetHandleVerifier [0x00007FF6F5D7E16B+3695259]
	GetHandleVerifier [0x00007FF6F5DD6737+4057191]
	GetHandleVerifier [0x00007FF6F5DCE4E3+4023827]
	GetHandleVerifier [0x00007FF6F5AA04F9+689705]
	(No symbol) [0x00007FF6F597C048]
	(No symbol) [0x00007FF6F5978044]
	(No symbol) [0x00007FF6F59781C9]
	(No symbol) [0x00007FF6F59688C4]
	BaseThreadInitThunk [0x00007FFF8B09257D+29]
	RtlUserThreadStart [0x00007FFF8CAEAF28+40]
">
      <![CDATA[org.openqa.selenium.SessionNotCreatedException: session not created: This version of ChromeDriver only supports Chrome version 120
Current browser version is 126.0.6478.114 with binary path C:\Program Files\Google\Chrome\Application\chrome.exe
Build info: version: '3.141.59', revision: 'e82be7d358', time: '2018-11-14T08:17:03'
System info: host: 'MSI', ip: '192.168.0.105', os.name: 'Windows 11', os.arch: 'amd64', os.version: '10.0', java.version: '19'
Driver info: driver.version: CommonDriver
remote stacktrace: GetHandleVerifier [0x00007FF6F5D52142+3514994]
(No symbol) [0x00007FF6F5970CE2]
(No symbol) [0x00007FF6F58176AA]
(No symbol) [0x00007FF6F58517E2]
(No symbol) [0x00007FF6F5850ADD]
(No symbol) [0x00007FF6F584B9DF]
(No symbol) [0x00007FF6F5847F52]
(No symbol) [0x00007FF6F5890AB4]
(No symbol) [0x00007FF6F5885D93]
(No symbol) [0x00007FF6F5854BDC]
(No symbol) [0x00007FF6F5855C64]
GetHandleVerifier [0x00007FF6F5D7E16B+3695259]
GetHandleVerifier [0x00007FF6F5DD6737+4057191]
GetHandleVerifier [0x00007FF6F5DCE4E3+4023827]
GetHandleVerifier [0x00007FF6F5AA04F9+689705]
(No symbol) [0x00007FF6F597C048]
(No symbol) [0x00007FF6F5978044]
(No symbol) [0x00007FF6F59781C9]
(No symbol) [0x00007FF6F59688C4]
BaseThreadInitThunk [0x00007FFF8B09257D+29]
RtlUserThreadStart [0x00007FFF8CAEAF28+40]

at org.openqa.selenium.remote.W3CHandshakeResponse.lambda$errorHandler$0(W3CHandshakeResponse.java:62)
at org.openqa.selenium.remote.HandshakeResponse.lambda$getResponseFunction$0(HandshakeResponse.java:30)
at org.openqa.selenium.remote.ProtocolHandshake.lambda$createSession$0(ProtocolHandshake.java:126)
at java.base/java.util.stream.ReferencePipeline$3$1.accept(ReferencePipeline.java:197)
at java.base/java.util.Spliterators$ArraySpliterator.tryAdvance(Spliterators.java:1016)
at java.base/java.util.stream.ReferencePipeline.forEachWithCancel(ReferencePipeline.java:129)
at java.base/java.util.stream.AbstractPipeline.copyIntoWithCancel(AbstractPipeline.java:527)
at java.base/java.util.stream.AbstractPipeline.copyInto(AbstractPipeline.java:513)
at java.base/java.util.stream.AbstractPipeline.wrapAndCopyInto(AbstractPipeline.java:499)
at java.base/java.util.stream.FindOps$FindOp.evaluateSequential(FindOps.java:150)
at java.base/java.util.stream.AbstractPipeline.evaluate(AbstractPipeline.java:234)
at java.base/java.util.stream.ReferencePipeline.findFirst(ReferencePipeline.java:647)
at org.openqa.selenium.remote.ProtocolHandshake.createSession(ProtocolHandshake.java:128)
at org.openqa.selenium.remote.ProtocolHandshake.createSession(ProtocolHandshake.java:74)
at org.openqa.selenium.remote.HttpCommandExecutor.execute(HttpCommandExecutor.java:136)
at org.openqa.selenium.remote.service.DriverCommandExecutor.execute(DriverCommandExecutor.java:83)
at org.openqa.selenium.remote.RemoteWebDriver.execute(RemoteWebDriver.java:552)
at org.openqa.selenium.remote.RemoteWebDriver.startSession(RemoteWebDriver.java:213)
at org.openqa.selenium.remote.RemoteWebDriver.<init>(RemoteWebDriver.java:131)
at org.openqa.selenium.chrome.ChromeDriver.<init>(ChromeDriver.java:181)
at org.openqa.selenium.chrome.ChromeDriver.<init>(ChromeDriver.java:168)
at org.openqa.selenium.chrome.ChromeDriver.<init>(ChromeDriver.java:123)
at commonLibs.implementation.CommonDriver.<init>(CommonDriver.java:29)
at com.guru99.tests.BaseTest.setup(BaseTest.java:56)
at java.base/java.util.ArrayList.forEach(ArrayList.java:1511)
... Removed 26 stack frames]]>
    </failure>
  </testcase> <!-- @BeforeClass setup -->
  <testcase classname="com.guru99.tests.BaseTest" name="@AfterMethod postTestAction" time="-1.718899668483E9">
    <skipped/>
  </testcase> <!-- @AfterMethod postTestAction -->
  <testcase classname="com.guru99.tests.BaseTest" name="@AfterClass tearDown" time="-1.718899668486E9">
    <skipped/>
  </testcase> <!-- @AfterClass tearDown -->
  <testcase classname="com.guru99.tests.LoginTests" name="verifyUserLoginWithCorrectCredentials" time="0.0">
    <skipped/>
  </testcase> <!-- verifyUserLoginWithCorrectCredentials -->
</testsuite> <!-- Test -->
