<?xml version="1.0" encoding="UTF-8"?>
<!-- Generated by org.testng.reporters.JUnitReportReporter -->
<testsuite hostname="MSI" failures="0" tests="2" name="com.guru99.tests.LoginTests" time="4.920" errors="1" timestamp="2024-06-20T21:37:48 IST" skipped="1">
  <testcase classname="com.guru99.tests.LoginTests" name="setup" time="4.920">
    <error message="session not created: This version of ChromeDriver only supports Chrome version 120
Current browser version is 126.0.6478.114 with binary path C:\Program Files\Google\Chrome\Application\chrome.exe
Build info: version: &#039;3.141.59&#039;, revision: &#039;e82be7d358&#039;, time: &#039;2018-11-14T08:17:03&#039;
System info: host: &#039;MSI&#039;, ip: &#039;192.168.0.105&#039;, os.name: &#039;Windows 11&#039;, os.arch: &#039;amd64&#039;, os.version: &#039;10.0&#039;, java.version: &#039;19&#039;
Driver info: driver.version: CommonDriver
remote stacktrace: 	GetHandleVerifier [0x00007FF6F5D52142+3514994]
	(No symbol) [0x00007FF6F5970CE2]
	(No symbol) [0x00007FF6F58176AA]
	(No symbol) [0x00007FF6F58517E2]
	(No symbol) [0x00007FF6F5850ADD]
	(No symbol) [0x00007FF6F584B9DF]
	(No symbol) [0x00007FF6F5847F52]
	(No symbol) [0x00007FF6F5890AB4]
	(No symbol) [0x00007FF6F5885D93]
	(No symbol) [0x00007FF6F5854BDC]
	(No symbol) [0x00007FF6F5855C64]
	GetHandleVerifier [0x00007FF6F5D7E16B+3695259]
	GetHandleVerifier [0x00007FF6F5DD6737+4057191]
	GetHandleVerifier [0x00007FF6F5DCE4E3+4023827]
	GetHandleVerifier [0x00007FF6F5AA04F9+689705]
	(No symbol) [0x00007FF6F597C048]
	(No symbol) [0x00007FF6F5978044]
	(No symbol) [0x00007FF6F59781C9]
	(No symbol) [0x00007FF6F59688C4]
	BaseThreadInitThunk [0x00007FFF8B09257D+29]
	RtlUserThreadStart [0x00007FFF8CAEAF28+40]
" type="org.openqa.selenium.SessionNotCreatedException">
      <![CDATA[org.openqa.selenium.SessionNotCreatedException: session not created: This version of ChromeDriver only supports Chrome version 120
Current browser version is 126.0.6478.114 with binary path C:\Program Files\Google\Chrome\Application\chrome.exe
Build info: version: '3.141.59', revision: 'e82be7d358', time: '2018-11-14T08:17:03'
System info: host: 'MSI', ip: '192.168.0.105', os.name: 'Windows 11', os.arch: 'amd64', os.version: '10.0', java.version: '19'
Driver info: driver.version: CommonDriver
remote stacktrace: GetHandleVerifier [0x00007FF6F5D52142+3514994]
(No symbol) [0x00007FF6F5970CE2]
(No symbol) [0x00007FF6F58176AA]
(No symbol) [0x00007FF6F58517E2]
(No symbol) [0x00007FF6F5850ADD]
(No symbol) [0x00007FF6F584B9DF]
(No symbol) [0x00007FF6F5847F52]
(No symbol) [0x00007FF6F5890AB4]
(No symbol) [0x00007FF6F5885D93]
(No symbol) [0x00007FF6F5854BDC]
(No symbol) [0x00007FF6F5855C64]
GetHandleVerifier [0x00007FF6F5D7E16B+3695259]
GetHandleVerifier [0x00007FF6F5DD6737+4057191]
GetHandleVerifier [0x00007FF6F5DCE4E3+4023827]
GetHandleVerifier [0x00007FF6F5AA04F9+689705]
(No symbol) [0x00007FF6F597C048]
(No symbol) [0x00007FF6F5978044]
(No symbol) [0x00007FF6F59781C9]
(No symbol) [0x00007FF6F59688C4]
BaseThreadInitThunk [0x00007FFF8B09257D+29]
RtlUserThreadStart [0x00007FFF8CAEAF28+40]

at java.base/jdk.internal.reflect.DirectConstructorHandleAccessor.newInstance(DirectConstructorHandleAccessor.java:67)
at java.base/java.lang.reflect.Constructor.newInstanceWithCaller(Constructor.java:500)
at java.base/java.lang.reflect.Constructor.newInstance(Constructor.java:484)
at org.openqa.selenium.remote.W3CHandshakeResponse.lambda$errorHandler$0(W3CHandshakeResponse.java:62)
at org.openqa.selenium.remote.HandshakeResponse.lambda$getResponseFunction$0(HandshakeResponse.java:30)
at org.openqa.selenium.remote.ProtocolHandshake.lambda$createSession$0(ProtocolHandshake.java:126)
at java.base/java.util.stream.ReferencePipeline$3$1.accept(ReferencePipeline.java:197)
at java.base/java.util.Spliterators$ArraySpliterator.tryAdvance(Spliterators.java:1016)
at java.base/java.util.stream.ReferencePipeline.forEachWithCancel(ReferencePipeline.java:129)
at java.base/java.util.stream.AbstractPipeline.copyIntoWithCancel(AbstractPipeline.java:527)
at java.base/java.util.stream.AbstractPipeline.copyInto(AbstractPipeline.java:513)
at java.base/java.util.stream.AbstractPipeline.wrapAndCopyInto(AbstractPipeline.java:499)
at java.base/java.util.stream.FindOps$FindOp.evaluateSequential(FindOps.java:150)
at java.base/java.util.stream.AbstractPipeline.evaluate(AbstractPipeline.java:234)
at java.base/java.util.stream.ReferencePipeline.findFirst(ReferencePipeline.java:647)
at org.openqa.selenium.remote.ProtocolHandshake.createSession(ProtocolHandshake.java:128)
at org.openqa.selenium.remote.ProtocolHandshake.createSession(ProtocolHandshake.java:74)
at org.openqa.selenium.remote.HttpCommandExecutor.execute(HttpCommandExecutor.java:136)
at org.openqa.selenium.remote.service.DriverCommandExecutor.execute(DriverCommandExecutor.java:83)
at org.openqa.selenium.remote.RemoteWebDriver.execute(RemoteWebDriver.java:552)
at org.openqa.selenium.remote.RemoteWebDriver.startSession(RemoteWebDriver.java:213)
at org.openqa.selenium.remote.RemoteWebDriver.<init>(RemoteWebDriver.java:131)
at org.openqa.selenium.chrome.ChromeDriver.<init>(ChromeDriver.java:181)
at org.openqa.selenium.chrome.ChromeDriver.<init>(ChromeDriver.java:168)
at org.openqa.selenium.chrome.ChromeDriver.<init>(ChromeDriver.java:123)
at commonLibs.implementation.CommonDriver.<init>(CommonDriver.java:29)
at com.guru99.tests.BaseTest.setup(BaseTest.java:56)
at java.base/jdk.internal.reflect.DirectMethodHandleAccessor.invoke(DirectMethodHandleAccessor.java:104)
at java.base/java.lang.reflect.Method.invoke(Method.java:578)
at org.testng.internal.MethodInvocationHelper.invokeMethod(MethodInvocationHelper.java:134)
at org.testng.internal.MethodInvocationHelper.invokeMethodConsideringTimeout(MethodInvocationHelper.java:63)
at org.testng.internal.ConfigInvoker.invokeConfigurationMethod(ConfigInvoker.java:348)
at org.testng.internal.ConfigInvoker.invokeConfigurations(ConfigInvoker.java:302)
at org.testng.internal.TestMethodWorker.invokeBeforeClassMethods(TestMethodWorker.java:176)
at org.testng.internal.TestMethodWorker.run(TestMethodWorker.java:122)
at java.base/java.util.ArrayList.forEach(ArrayList.java:1511)
at org.testng.TestRunner.privateRun(TestRunner.java:766)
at org.testng.TestRunner.run(TestRunner.java:587)
at org.testng.SuiteRunner.runTest(SuiteRunner.java:384)
at org.testng.SuiteRunner.runSequentially(SuiteRunner.java:378)
at org.testng.SuiteRunner.privateRun(SuiteRunner.java:337)
at org.testng.SuiteRunner.run(SuiteRunner.java:286)
at org.testng.SuiteRunnerWorker.runSuite(SuiteRunnerWorker.java:53)
at org.testng.SuiteRunnerWorker.run(SuiteRunnerWorker.java:96)
at org.testng.TestNG.runSuitesSequentially(TestNG.java:1187)
at org.testng.TestNG.runSuitesLocally(TestNG.java:1109)
at org.testng.TestNG.runSuites(TestNG.java:1039)
at org.testng.TestNG.run(TestNG.java:1007)
at org.testng.remote.AbstractRemoteTestNG.run(AbstractRemoteTestNG.java:115)
at org.testng.remote.RemoteTestNG.initAndRun(RemoteTestNG.java:251)
at org.testng.remote.RemoteTestNG.main(RemoteTestNG.java:77)
]]>
    </error>
  </testcase> <!-- setup -->
  <system-out/>
  <testcase classname="com.guru99.tests.LoginTests" name="verifyUserLoginWithCorrectCredentials" time="0.000">
    <skipped/>
  </testcase> <!-- verifyUserLoginWithCorrectCredentials -->
  <system-out/>
</testsuite> <!-- com.guru99.tests.LoginTests -->
